C51 COMPILER V9.59.0.0   NIXIE                                                             05/06/2024 22:43:10 PAGE 1   


C51 COMPILER V9.59.0.0, COMPILATION OF MODULE NIXIE
OBJECT MODULE PLACED IN .\Objects\Nixie.obj
COMPILER INVOKED BY: E:\Keil_v5\C51\BIN\C51.EXE Nixie.c OPTIMIZE(8,SPEED) BROWSE DEBUG OBJECTEXTEND PRINT(.\Listings\Nix
                    -ie.lst) TABS(2) OBJECT(.\Objects\Nixie.obj)

line level    source

   1          #include "Nixie.h"
   2          #include <reg52.h>
   3          #include <Delay.h>
*** WARNING C318 IN LINE 3 OF Nixie.c: can't open file 'Delay.h'
   4          unsigned char NT[] = {0x3F, 0x06, 0x5B, 0x4F, 0x66, 0x6D, 0x7D, 0x07, 0x7F, 0x6F};
   5          sbit P0_7          = P0 ^ 7;
   6          void Nixie(unsigned char Location, unsigned int Number)
   7          {
   8   1      
   9   1          P2 = 0xff;
  10   1           if (Location == 1 || Location == 5) {
  11   2            P0 = ~(NT[Number] | 0x80);
  12   2           } else
  13   1          P0 = ~NT[Number];
  14   1      
  15   1          Delay(1);
*** WARNING C206 IN LINE 15 OF Nixie.c: 'Delay': missing function-prototype
*** ERROR C267 IN LINE 15 OF Nixie.c: 'Delay': requires ANSI-style prototype
  16   1          switch (Location) {
  17   2              case 1:
  18   2                  P2 = 0xFE;
  19   2                  break;
  20   2              case 2:
  21   2                  P2 = 0xFD;
  22   2                  break;
  23   2              case 3:
  24   2                  P2 = 0xFB;
  25   2                  break;
  26   2              case 4:
  27   2                  P2 = 0xF7;
  28   2                  break;
  29   2              case 5:
  30   2                  P2 = 0xEF;
  31   2                  break;
  32   2              case 6:
  33   2                  P2 = 0xDF;
  34   2                  break;
  35   2              case 7:
  36   2                  P2 = 0xBF;
  37   2                  break;
  38   2              case 8:
  39   2                  P2 = 0x7F;
  40   2                  break;
  41   2          }
  42   1      }
  43          /*
  44          void Nixie(unsigned char Location,Number)
  45          {
  46              switch(Location)
  47              {
  48                  case 1:P2_4=1;P2_3=1;P2_2=1;break;
  49                  case 2:P2_4=1;P2_3=1;P2_2=0;break;
  50                  case 3:P2_4=1;P2_3=0;P2_2=1;break;
  51                  case 4:P2_4=1;P2_3=0;P2_2=0;break;
C51 COMPILER V9.59.0.0   NIXIE                                                             05/06/2024 22:43:10 PAGE 2   

  52                  case 5:P2_4=0;P2_3=1;P2_2=1;break;
  53                  case 6:P2_4=0;P2_3=1;P2_2=0;break;
  54                  case 7:P2_4=0;P2_3=0;P2_2=1;break;
  55                  case 8:P2_4=0;P2_3=0;P2_2=0;break;
  56              }
  57              P0=NT[Number];
  58          }*/

C51 COMPILATION COMPLETE.  2 WARNING(S),  1 ERROR(S)
